[2012-04-18 19:58:09] setamount iItem=1342177281 iAmount=1
[2012-04-18 20:00:50] setamount iItem=1342177282 iAmount=1
[2012-04-18 20:01:19] setamount iItem=1342177283 iAmount=1
[2012-04-24 18:54:24] setamount iItem=1342177291 iAmount=1
[2012-04-26 17:23:57] can't create item[Type:Zh0001]
[2012-04-26 17:24:21] setamount iItem=1342177281 iAmount=1
[2012-04-26 17:24:23] setamount iItem=1342177282 iAmount=1
[2012-04-26 17:24:26] setamount iItem=1342177283 iAmount=1
[2012-04-26 17:25:29] setamount iItem=1342177284 iAmount=1
[2012-04-26 17:25:32] setamount iItem=1342177285 iAmount=1
[2012-04-26 17:25:34] setamount iItem=1342177286 iAmount=1
[2012-04-26 17:25:37] setamount iItem=1342177287 iAmount=1
[2012-04-26 17:25:40] setamount iItem=1342177288 iAmount=1
[2012-04-26 17:25:43] setamount iItem=1342177289 iAmount=1
[2012-04-26 17:26:39] setamount iItem=1342177290 iAmount=1
[2012-05-08 11:14:02] setamount iItem=1342177361 iAmount=1
[2012-05-08 11:14:08] setamount iItem=1342177362 iAmount=1
[2012-05-08 11:14:17] setamount iItem=1342177363 iAmount=1
[2012-05-08 11:14:30] setamount iItem=1342177364 iAmount=1
[2012-05-16 11:57:07] setamount iItem=1342177519 iAmount=1
[2012-05-16 14:24:49] setamount iItem=1342177311 iAmount=1
[2012-05-16 14:25:00] setamount iItem=1342177312 iAmount=1
[2012-05-16 14:26:47] setamount iItem=1342177313 iAmount=1
[2012-05-16 14:28:25] setamount iItem=1342177332 iAmount=1
[2012-05-16 14:29:02] setamount iItem=1342177333 iAmount=1
[2012-05-16 14:29:27] setamount iItem=1342177334 iAmount=1
[2012-05-16 14:31:00] setamount iItem=1342177302 iAmount=1
[2012-05-16 14:32:13] setamount iItem=1342177303 iAmount=1
[2012-05-16 14:34:54] setamount iItem=1342177304 iAmount=1
[2012-05-16 14:35:18] setamount iItem=1342177305 iAmount=1
[2012-05-16 14:36:03] setamount iItem=1342177306 iAmount=1
[2012-05-16 14:36:40] setamount iItem=1342177307 iAmount=1
[2012-05-16 14:38:22] setamount iItem=1342177308 iAmount=1
[2012-05-16 14:43:58] setamount iItem=1342177309 iAmount=1
[2012-05-16 16:19:31] setamount iItem=1342177573 iAmount=1
[2012-05-16 16:19:53] setamount iItem=1342177574 iAmount=1
[2012-05-16 16:20:06] can't create item[Type:EQ0002]
[2012-05-16 16:20:49] can't create item[Type:EQ0002]
[2012-05-16 16:20:54] setamount iItem=1342177575 iAmount=1
[2012-05-16 16:22:14] setamount iItem=1342177281 iAmount=1
[2012-05-16 18:39:04] setamount iItem=1342177285 iAmount=1
[2012-05-16 20:53:22] setamount iItem=1342177285 iAmount=1
[2012-05-17 09:54:45] setamount iItem=1342177296 iAmount=1
[2012-05-17 09:59:30] setamount iItem=1342177285 iAmount=1
[2012-05-17 12:06:24] setamount iItem=1342177283 iAmount=1
[2012-05-23 15:03:01] setamount iItem=1342177287 iAmount=1
[2012-05-23 15:09:05] setamount iItem=1342177285 iAmount=1
[2012-05-23 15:11:10] setamount iItem=1342177286 iAmount=1
[2012-05-24 11:44:17] setamount iItem=1342177305 iAmount=1
[2012-05-24 11:45:16] setamount iItem=1342177307 iAmount=1
[2012-05-24 16:15:27] can't create item[Type:EQ0002]
[2012-05-24 16:15:36] can't create item[Type:EQ00002]
[2012-05-24 16:15:43] can't create item[Type:EQ1001]
[2012-05-24 16:15:46] can't create item[Type:EQ10001]
[2012-05-24 16:19:08] setamount iItem=1342177398 iAmount=1
[2012-05-24 16:19:26] setamount iItem=1342177399 iAmount=1
[2012-05-24 16:19:27] setamount iItem=1342177400 iAmount=1
[2012-05-25 09:35:11] setamount iItem=1342177329 iAmount=0
[2012-05-25 09:35:11] Delete iOwner:3663 iItem=1342177329
[2012-05-25 10:25:33] setamount iItem=1342177283 iAmount=1
[2012-05-25 10:26:35] setamount iItem=1342177286 iAmount=1
[2012-05-25 10:26:40] can't create item[Type:EQ0002]
[2012-05-25 10:26:43] can't create item[Type:EQ0002]
[2012-05-25 10:26:51] setamount iItem=1342177288 iAmount=1
[2012-05-25 10:26:56] setamount iItem=1342177289 iAmount=1
[2012-05-25 10:28:39] setamount iItem=1342177290 iAmount=1
[2012-05-25 10:28:42] setamount iItem=1342177291 iAmount=1
[2012-05-26 11:48:10] setamount iItem=1342177309 iAmount=1
[2012-05-26 16:11:19] setamount iItem=1342177281 iAmount=0
[2012-05-26 16:11:19] Delete iOwner:6192 iItem=1342177281
[2012-05-26 16:39:37] setamount iItem=1342177284 iAmount=0
[2012-05-26 16:39:37] Delete iOwner:4320 iItem=1342177284
[2012-05-26 16:40:09] setamount iItem=1342177286 iAmount=0
[2012-05-26 16:40:09] Delete iOwner:5724 iItem=1342177286
[2012-05-26 17:01:09] setamount iItem=1342177285 iAmount=0
[2012-05-26 17:01:09] Delete iOwner:4437 iItem=1342177285
[2012-05-28 11:33:19] setamount iItem=1342177283 iAmount=0
[2012-05-28 11:33:19] Delete iOwner:3663 iItem=1342177283
[2012-05-28 11:34:29] can't create item[Type:EQ00001]
[2012-05-28 11:34:32] setamount iItem=1342177285 iAmount=1
[2012-05-28 11:34:34] setamount iItem=1342177286 iAmount=1
[2012-05-28 11:34:34] setamount iItem=1342177287 iAmount=1
[2012-05-28 11:34:35] setamount iItem=1342177288 iAmount=1
[2012-05-28 11:34:46] can't create item[Type:EQ0021]
[2012-05-28 11:34:49] can't create item[Type:EQ002]
[2012-05-28 11:34:52] can't create item[Type:EQ0002]
[2012-05-28 11:34:56] can't create item[Type:EQ0003]
[2012-05-28 11:35:01] setamount iItem=1342177289 iAmount=1
[2012-05-28 11:35:03] setamount iItem=1342177290 iAmount=1
[2012-05-28 11:37:13] can't create item[Type:iCash]
[2012-05-28 11:41:30] setamount iItem=1342177319 iAmount=0
[2012-05-28 11:41:30] Delete iOwner:4122 iItem=1342177319
[2012-05-28 11:45:42] setamount iItem=1342177325 iAmount=0
[2012-05-28 11:45:42] Delete iOwner:4113 iItem=1342177325
[2012-05-28 16:46:49] can't create item[Type:EQ0002]
[2012-05-28 16:46:57] setamount iItem=1342177284 iAmount=1
[2012-05-28 16:46:59] setamount iItem=1342177285 iAmount=1
[2012-05-28 16:46:59] setamount iItem=1342177286 iAmount=1
[2012-05-28 16:47:00] setamount iItem=1342177287 iAmount=1
[2012-05-28 16:47:00] setamount iItem=1342177288 iAmount=1
[2012-05-28 16:47:00] setamount iItem=1342177289 iAmount=1
[2012-05-28 16:47:08] can't create item[Type:EQ0002]
[2012-05-28 16:47:10] can't create item[Type:EQ0003]
[2012-05-28 16:47:13] setamount iItem=1342177290 iAmount=1
[2012-05-28 16:47:16] can't create item[Type:EQ2003]
[2012-05-28 16:47:20] setamount iItem=1342177291 iAmount=1
[2012-05-28 16:47:22] setamount iItem=1342177292 iAmount=1
[2012-05-28 16:47:24] setamount iItem=1342177293 iAmount=1
[2012-05-28 16:47:26] setamount iItem=1342177294 iAmount=1
[2012-05-28 16:47:28] setamount iItem=1342177295 iAmount=1
[2012-05-28 17:10:59] can't create item[Type:EQ10001]
[2012-05-28 17:11:06] can't create item[Type:EQ10002]
[2012-05-28 17:38:16] can't create item[Type:EQ10002]
[2012-05-29 15:37:23] setamount iItem=1342177281 iAmount=1
[2012-05-29 15:37:28] setamount iItem=1342177282 iAmount=1
[2012-05-29 15:37:30] setamount iItem=1342177283 iAmount=1
[2012-05-29 15:39:34] setamount iItem=1342177284 iAmount=1
[2012-05-29 15:39:43] setamount iItem=1342177285 iAmount=1
[2012-05-29 15:39:43] setamount iItem=1342177284 iAmount=2
[2012-05-29 15:39:43] setamount iItem=1342177285 iAmount=0
[2012-05-29 15:39:43] Delete iOwner:0 iItem=1342177285
[2012-05-30 13:49:24] can't create item[Type:EQ10001]
[2012-05-30 13:49:26] setamount iItem=1342177281 iAmount=1
[2012-05-30 13:49:30] setamount iItem=1342177282 iAmount=1
[2012-05-30 13:49:31] setamount iItem=1342177283 iAmount=1
[2012-05-30 13:49:35] setamount iItem=1342177284 iAmount=1
[2012-05-30 13:49:37] setamount iItem=1342177285 iAmount=1
[2012-05-30 13:49:39] setamount iItem=1342177286 iAmount=1
[2012-05-30 13:49:41] setamount iItem=1342177287 iAmount=1
[2012-05-30 13:49:43] setamount iItem=1342177288 iAmount=1
[2012-05-30 17:49:08] setamount iItem=1342177289 iAmount=1
[2012-05-30 17:50:46] setamount iItem=1342177290 iAmount=1
[2012-05-30 18:56:26] setamount iItem=1342177301 iAmount=1
[2012-05-30 19:00:42] setamount iItem=1342177337 iAmount=1
[2012-05-30 19:00:55] setamount iItem=1342177338 iAmount=1
[2012-05-30 19:01:08] setamount iItem=1342177347 iAmount=1
[2012-05-31 17:37:50] setamount iItem=1342177868 iAmount=1
[2012-06-01 11:39:12] can't create item[Type:BS0001]
[2012-06-01 11:39:36] can't create item[Type:BS0002]
[2012-06-01 11:39:39] can't create item[Type:BS0003]
[2012-06-01 13:43:55] can't create item[Type:BS0001]
[2012-06-01 13:44:09] can't create item[Type:BS0001]
[2012-06-01 13:44:10] can't create item[Type:BS0001]
[2012-06-01 13:44:14] can't create item[Type:BS0002]
[2012-06-01 13:44:19] can't create item[Type:BS00002]
[2012-06-01 13:44:22] can't create item[Type:BS00001]
[2012-06-01 15:16:55] setamount iItem=1342178337 iAmount=1
[2012-06-01 15:16:59] setamount iItem=1342178338 iAmount=2
[2012-06-01 15:16:59] setamount iItem=1342178337 iAmount=3
[2012-06-01 15:16:59] setamount iItem=1342178338 iAmount=0
[2012-06-01 15:16:59] Delete iOwner:0 iItem=1342178338
[2012-06-01 15:17:08] setamount iItem=1342178339 iAmount=2
[2012-06-01 15:17:08] setamount iItem=1342178337 iAmount=5
[2012-06-01 15:17:08] setamount iItem=1342178339 iAmount=0
[2012-06-01 15:17:08] Delete iOwner:0 iItem=1342178339
[2012-06-01 15:17:19] setamount iItem=1342178340 iAmount=2
[2012-06-01 15:17:21] setamount iItem=1342178341 iAmount=1
[2012-06-01 15:17:21] setamount iItem=1342178340 iAmount=3
[2012-06-01 15:17:21] setamount iItem=1342178341 iAmount=0
[2012-06-01 15:17:21] Delete iOwner:0 iItem=1342178341
[2012-06-01 15:17:23] setamount iItem=1342178342 iAmount=1
[2012-06-01 15:17:23] setamount iItem=1342178340 iAmount=4
[2012-06-01 15:17:23] setamount iItem=1342178342 iAmount=0
[2012-06-01 15:17:23] Delete iOwner:0 iItem=1342178342
[2012-06-01 15:17:25] setamount iItem=1342178343 iAmount=1
[2012-06-01 15:17:57] setamount iItem=1342178344 iAmount=1
[2012-06-01 15:18:00] setamount iItem=1342178345 iAmount=1
[2012-06-01 16:31:39] setamount iItem=1342178406 iAmount=1
[2012-06-01 16:31:49] setamount iItem=1342178408 iAmount=1
[2012-06-01 16:31:51] setamount iItem=1342178409 iAmount=1
[2012-06-01 16:31:53] setamount iItem=1342178410 iAmount=1
[2012-06-01 16:31:57] setamount iItem=1342178411 iAmount=1
[2012-06-01 16:31:59] setamount iItem=1342178412 iAmount=1
[2012-06-01 16:32:01] setamount iItem=1342178413 iAmount=1
[2012-06-01 16:32:03] setamount iItem=1342178414 iAmount=1
[2012-06-01 16:32:06] can't create item[Type:EQ1010]
[2012-06-01 16:32:11] setamount iItem=1342178415 iAmount=1
[2012-06-01 16:32:18] can't create item[Type:BS1001]
[2012-06-01 16:32:21] can't create item[Type:BS1002]
[2012-06-01 16:33:18] setamount iItem=1342178416 iAmount=1
[2012-06-01 16:33:21] setamount iItem=1342178417 iAmount=1
[2012-06-01 16:33:26] can't create item[Type:BS1001]
[2012-06-01 16:33:30] can't create item[Type:BS1002]
[2012-06-01 16:33:46] can't create item[Type:BS1002]
[2012-06-01 16:33:48] can't create item[Type:BS1003]
[2012-06-01 16:33:54] can't create item[Type:BS1004]
[2012-06-01 16:33:55] can't create item[Type:BS1005\]
[2012-06-01 16:33:57] can't create item[Type:BS1005]
[2012-06-01 16:34:00] can't create item[Type:BS1006]
[2012-06-01 16:38:07] setamount iItem=1342178440 iAmount=1
[2012-06-01 16:38:10] setamount iItem=1342178441 iAmount=1
[2012-06-01 16:38:10] setamount iItem=1342178440 iAmount=2
[2012-06-01 16:38:10] setamount iItem=1342178441 iAmount=0
[2012-06-01 16:38:10] Delete iOwner:0 iItem=1342178441
[2012-06-01 16:38:11] setamount iItem=1342178442 iAmount=1
[2012-06-01 16:38:11] setamount iItem=1342178440 iAmount=3
[2012-06-01 16:38:11] setamount iItem=1342178442 iAmount=0
[2012-06-01 16:38:11] Delete iOwner:0 iItem=1342178442
