[2012-05-16 16:19:16] [6192]AddSummon,summonId=1073741825, type=20001, global_key=150S000000001.
[2012-05-16 16:19:16] [6192]AddSummon,summonId=1073741826, type=20002, global_key=150S000000002.
[2012-05-16 16:19:16] [6192]AddSummon,summonId=1073741827, type=20003, global_key=150S000000003.
[2012-05-16 16:19:16] [6192]AddSummon,summonId=1073741828, type=20004, global_key=150S000000004.
[2012-05-16 16:19:16] [6192]AddSummon,summonId=1073741829, type=20005, global_key=150S000000005.
[2012-05-16 16:19:16] [6192]AddSummon,summonId=1073741830, type=20006, global_key=150S000000006.
[2012-05-16 19:52:48] [3042]AddSummon,summonId=1073741831, type=20001, global_key=150S000000007.
[2012-05-16 19:52:48] [3042]AddSummon,summonId=1073741832, type=20002, global_key=150S000000008.
[2012-05-16 19:52:48] [3042]AddSummon,summonId=1073741833, type=20003, global_key=150S000000009.
[2012-05-16 19:52:48] [3042]AddSummon,summonId=1073741834, type=20004, global_key=150S00000000A.
[2012-05-16 19:52:48] [3042]AddSummon,summonId=1073741835, type=20005, global_key=150S00000000B.
[2012-05-16 19:52:48] [3042]AddSummon,summonId=1073741836, type=20006, global_key=150S00000000C.
[2012-05-17 10:04:03] [6192]AddSummon,summonId=1073741825, type=20001, global_key=150S00000000D.
[2012-05-17 10:04:03] [6192]AddSummon,summonId=1073741826, type=20002, global_key=150S00000000E.
[2012-05-17 10:04:03] [6192]AddSummon,summonId=1073741827, type=20003, global_key=150S00000000F.
[2012-05-17 10:04:03] [6192]AddSummon,summonId=1073741828, type=20004, global_key=150S00000000G.
[2012-05-17 10:04:03] [6192]AddSummon,summonId=1073741829, type=20005, global_key=150S00000000H.
[2012-05-17 10:04:03] [6192]AddSummon,summonId=1073741830, type=20006, global_key=150S00000000I.
[2012-05-17 10:06:15] [6192]AddSummon,summonId=1073741825, type=20001, global_key=150S00000000J.
[2012-05-17 10:06:15] [6192]AddSummon,summonId=1073741826, type=20002, global_key=150S00000000K.
[2012-05-17 10:06:15] [6192]AddSummon,summonId=1073741827, type=20003, global_key=150S00000000L.
[2012-05-17 10:06:15] [6192]AddSummon,summonId=1073741828, type=20004, global_key=150S00000000M.
[2012-05-17 10:06:15] [6192]AddSummon,summonId=1073741829, type=20005, global_key=150S00000000N.
[2012-05-17 10:06:15] [6192]AddSummon,summonId=1073741830, type=20006, global_key=150S00000000O.
[2012-05-17 10:24:57] [6192]AddSummon,summonId=1073741825, type=20001, global_key=150S00000000P.
[2012-05-17 10:24:57] [6192]AddSummon,summonId=1073741826, type=20002, global_key=150S00000000Q.
[2012-05-17 10:24:57] [6192]AddSummon,summonId=1073741827, type=20003, global_key=150S00000000R.
[2012-05-17 10:24:57] [6192]AddSummon,summonId=1073741828, type=20004, global_key=150S00000000S.
[2012-05-17 10:24:57] [6192]AddSummon,summonId=1073741829, type=20005, global_key=150S00000000T.
[2012-05-17 10:24:57] [6192]AddSummon,summonId=1073741830, type=20006, global_key=150S00000000U.
[2012-05-17 10:25:43] [6192]AddSummon,summonId=1073741825, type=20001, global_key=150S00000000V.
[2012-05-17 10:25:43] [6192]AddSummon,summonId=1073741826, type=20002, global_key=150S00000000W.
[2012-05-17 10:25:43] [6192]AddSummon,summonId=1073741827, type=20003, global_key=150S00000000X.
[2012-05-17 10:25:43] [6192]AddSummon,summonId=1073741828, type=20004, global_key=150S00000000Y.
[2012-05-17 10:25:43] [6192]AddSummon,summonId=1073741829, type=20005, global_key=150S00000000Z.
[2012-05-17 10:25:43] [6192]AddSummon,summonId=1073741830, type=20006, global_key=150S00000000a.
[2012-05-17 13:54:09] [3042]AddSummon,summonId=1073741831, type=20001, global_key=150S00000000b.
[2012-05-17 13:54:09] [3042]AddSummon,summonId=1073741832, type=20002, global_key=150S00000000c.
[2012-05-17 13:54:09] [3042]AddSummon,summonId=1073741833, type=20003, global_key=150S00000000d.
[2012-05-17 13:54:09] [3042]AddSummon,summonId=1073741834, type=20004, global_key=150S00000000e.
[2012-05-17 13:54:09] [3042]AddSummon,summonId=1073741835, type=20005, global_key=150S00000000f.
[2012-05-17 13:54:09] [3042]AddSummon,summonId=1073741836, type=20006, global_key=150S00000000g.
[2012-05-25 09:35:11] [3663]AddSummon,summonId=1073741849, type=20001, global_key=150S00000000h.
[2012-05-25 09:35:11] [3663]AddSummon,summonId=1073741850, type=20002, global_key=150S00000000i.
[2012-05-25 09:35:11] [3663]AddSummon,summonId=1073741851, type=20003, global_key=150S00000000j.
[2012-05-25 09:35:11] [3663]AddSummon,summonId=1073741852, type=20004, global_key=150S00000000k.
[2012-05-25 09:35:11] [3663]AddSummon,summonId=1073741853, type=20005, global_key=150S00000000l.
[2012-05-25 09:35:11] [3663]AddSummon,summonId=1073741854, type=20006, global_key=150S00000000m.
[2012-05-26 16:11:19] [6192]AddSummon,summonId=1073741825, type=20001, global_key=150S00000000n.
[2012-05-26 16:11:19] [6192]AddSummon,summonId=1073741826, type=20002, global_key=150S00000000o.
[2012-05-26 16:11:19] [6192]AddSummon,summonId=1073741827, type=20003, global_key=150S00000000p.
[2012-05-26 16:11:19] [6192]AddSummon,summonId=1073741828, type=20004, global_key=150S00000000q.
[2012-05-26 16:11:19] [6192]AddSummon,summonId=1073741829, type=20005, global_key=150S00000000r.
[2012-05-26 16:11:19] [6192]AddSummon,summonId=1073741830, type=20006, global_key=150S00000000s.
[2012-05-26 16:39:37] [4320]AddSummon,summonId=1073741837, type=20001, global_key=150S00000000t.
[2012-05-26 16:39:37] [4320]AddSummon,summonId=1073741838, type=20002, global_key=150S00000000u.
[2012-05-26 16:39:37] [4320]AddSummon,summonId=1073741839, type=20003, global_key=150S00000000v.
[2012-05-26 16:39:37] [4320]AddSummon,summonId=1073741840, type=20004, global_key=150S00000000w.
[2012-05-26 16:39:37] [4320]AddSummon,summonId=1073741841, type=20005, global_key=150S00000000x.
[2012-05-26 16:39:37] [4320]AddSummon,summonId=1073741842, type=20006, global_key=150S00000000y.
[2012-05-26 16:40:09] [5724]AddSummon,summonId=1073741843, type=20001, global_key=150S00000000z.
[2012-05-26 16:40:09] [5724]AddSummon,summonId=1073741844, type=20002, global_key=150S000000010.
[2012-05-26 16:40:09] [5724]AddSummon,summonId=1073741845, type=20003, global_key=150S000000011.
[2012-05-26 16:40:09] [5724]AddSummon,summonId=1073741846, type=20004, global_key=150S000000012.
[2012-05-26 16:40:09] [5724]AddSummon,summonId=1073741847, type=20005, global_key=150S000000013.
[2012-05-26 16:40:09] [5724]AddSummon,summonId=1073741848, type=20006, global_key=150S000000014.
[2012-05-26 17:01:09] [4437]AddSummon,summonId=1073741849, type=20001, global_key=150S000000015.
[2012-05-26 17:01:09] [4437]AddSummon,summonId=1073741850, type=20002, global_key=150S000000016.
[2012-05-26 17:01:09] [4437]AddSummon,summonId=1073741851, type=20003, global_key=150S000000017.
[2012-05-26 17:01:09] [4437]AddSummon,summonId=1073741852, type=20004, global_key=150S000000018.
[2012-05-26 17:01:09] [4437]AddSummon,summonId=1073741853, type=20005, global_key=150S000000019.
[2012-05-26 17:01:09] [4437]AddSummon,summonId=1073741854, type=20006, global_key=150S00000001A.
[2012-05-28 11:33:19] [3663]AddSummon,summonId=1073741837, type=20001, global_key=150S00000001B.
[2012-05-28 11:33:19] [3663]AddSummon,summonId=1073741838, type=20002, global_key=150S00000001C.
[2012-05-28 11:33:19] [3663]AddSummon,summonId=1073741839, type=20003, global_key=150S00000001D.
[2012-05-28 11:33:19] [3663]AddSummon,summonId=1073741840, type=20004, global_key=150S00000001E.
[2012-05-28 11:33:19] [3663]AddSummon,summonId=1073741841, type=20005, global_key=150S00000001F.
[2012-05-28 11:33:19] [3663]AddSummon,summonId=1073741842, type=20006, global_key=150S00000001G.
[2012-05-28 11:41:30] [4122]AddSummon,summonId=1073741867, type=20001, global_key=150S00000001H.
[2012-05-28 11:41:30] [4122]AddSummon,summonId=1073741868, type=20002, global_key=150S00000001I.
[2012-05-28 11:41:30] [4122]AddSummon,summonId=1073741869, type=20003, global_key=150S00000001J.
[2012-05-28 11:41:30] [4122]AddSummon,summonId=1073741870, type=20004, global_key=150S00000001K.
[2012-05-28 11:41:30] [4122]AddSummon,summonId=1073741871, type=20005, global_key=150S00000001L.
[2012-05-28 11:41:30] [4122]AddSummon,summonId=1073741872, type=20006, global_key=150S00000001M.
[2012-05-28 11:45:42] [4113]AddSummon,summonId=1073741897, type=20001, global_key=150S00000001N.
[2012-05-28 11:45:42] [4113]AddSummon,summonId=1073741898, type=20002, global_key=150S00000001O.
[2012-05-28 11:45:42] [4113]AddSummon,summonId=1073741899, type=20003, global_key=150S00000001P.
[2012-05-28 11:45:42] [4113]AddSummon,summonId=1073741900, type=20004, global_key=150S00000001Q.
[2012-05-28 11:45:42] [4113]AddSummon,summonId=1073741901, type=20005, global_key=150S00000001R.
[2012-05-28 11:45:42] [4113]AddSummon,summonId=1073741902, type=20006, global_key=150S00000001S.
