[2012-04-17 14:17:14] profile CLASS( 7 elements
  5751,
  "sdfsdf",
  10003,
  1,
  0,
  365,
  365
 )
[2012-04-18 09:48:27] profile CLASS( 7 elements
  5751,
  "sdfsdf",
  10003,
  1,
  0,
  365,
  365
 )
[2012-04-18 18:17:55] profile CLASS( 7 elements
  5751,
  "sdfsdf",
  10003,
  1,
  0,
  365,
  365
 )
[2012-04-18 18:23:45] profile CLASS( 7 elements
  5751,
  "sdfsdf",
  10003,
  1,
  0,
  365,
  365
 )
[2012-04-18 19:02:48] profile CLASS( 7 elements
  5751,
  "sdfsdf",
  10003,
  1,
  0,
  365,
  365
 )
[2012-04-18 19:03:17] profile CLASS( 7 elements
  5751,
  "sdfsdf",
  10003,
  1,
  0,
  365,
  365
 )
[2012-04-18 19:03:33] profile CLASS( 7 elements
  5751,
  "sdfsdf",
  10003,
  1,
  0,
  365,
  365
 )
[2012-04-18 19:42:54] profile CLASS( 7 elements
  5751,
  "sdfsdf",
  10003,
  1,
  0,
  365,
  365
 )
[2012-04-18 19:43:09] profile CLASS( 7 elements
  5751,
  "sdfsdf",
  10003,
  1,
  0,
  365,
  365
 )
[2012-04-18 19:43:26] profile CLASS( 7 elements
  5751,
  "sdfsdf",
  10003,
  1,
  0,
  365,
  365
 )
[2012-04-18 19:52:39] profile CLASS( 7 elements
  5751,
  0,
  0,
  0,
  0,
  0,
  365
 )
[2012-04-18 19:54:51] profile CLASS( 7 elements
  5751,
  0,
  0,
  0,
  0,
  0,
  365
 )
[2012-04-18 19:56:23] profile CLASS( 7 elements
  5751,
  0,
  0,
  0,
  0,
  0,
  365
 )
[2012-04-18 19:57:37] profile CLASS( 7 elements
  5751,
  "sadf",
  10001,
  1,
  0,
  365,
  365
 )
[2012-04-19 10:43:45] profile CLASS( 7 elements
  5751,
  "sadf",
  10001,
  1,
  0,
  365,
  365
 )
[2012-04-19 10:44:46] profile CLASS( 7 elements
  5751,
  "sadf",
  10001,
  1,
  0,
  365,
  365
 )
[2012-04-19 11:04:18] profile CLASS( 7 elements
  5751,
  "sadf",
  10001,
  1,
  0,
  365,
  365
 )
[2012-04-19 11:05:47] profile CLASS( 7 elements
  5751,
  "sadf",
  10001,
  1,
  0,
  365,
  365
 )
[2012-04-19 11:27:42] profile CLASS( 7 elements
  5751,
  "sadf",
  10001,
  1,
  0,
  365,
  365
 )
[2012-04-19 11:27:55] profile CLASS( 7 elements
  5751,
  "sadf",
  10001,
  1,
  0,
  365,
  365
 )
[2012-04-19 11:29:17] profile CLASS( 7 elements
  5751,
  "sadf",
  10001,
  1,
  0,
  365,
  365
 )
[2012-04-19 15:20:53] profile CLASS( 7 elements
  2853,
  "ted",
  10002,
  1,
  0,
  365,
  365
 )
[2012-04-19 15:22:56] profile CLASS( 7 elements
  2853,
  "ted",
  10002,
  1,
  0,
  365,
  365
 )
[2012-04-19 15:47:41] profile CLASS( 7 elements
  5751,
  "sadf",
  10001,
  1,
  0,
  365,
  365
 )
