uid=%d sCommand=%suid=%d sCommand=%s[2012-04-18 19:37:24][sdfsdf][5751]wizcmd[giveitem selfid,EQ0001,1].
uid=%d sCommand=%s[2012-04-18 19:37:49][sdfsdf][5751]wizcmd[update cmd/wizcmds/giveitem].
uid=%d sCommand=%suid=%d sCommand=%suid=%d sCommand=%s[2012-04-18 19:43:57][sdfsdf][5751]wizcmd[giveitem selfid,EQ0001,1].
uid=%d sCommand=%s[2012-04-18 19:44:13][sdfsdf][5751]wizcmd[update cmd/wizards/giveItem].
uid=%d sCommand=%s[2012-04-18 19:44:26][sdfsdf][5751]wizcmd[update cmd/wizards/giveItem].
uid=%d sCommand=%s[2012-04-18 19:44:30][sdfsdf][5751]wizcmd[update cmd/wizards/giveitem].
uid=%d sCommand=%s[2012-04-18 19:44:38][sdfsdf][5751]wizcmd[update cmd/wizcmds/giveitem].
uid=%d sCommand=%suid=%d sCommand=%s[2012-04-18 19:44:48][sdfsdf][5751]wizcmd[giveitem selfid,EQ0001,1].
uid=%d sCommand=%s[2012-04-18 19:58:09][sadf][5751]wizcmd[giveitem selfid,EQ0001,1].
uid=%d sCommand=%s[2012-04-18 19:59:08][sadf][5751]wizcmd[update module/scene/main].
uid=%d sCommand=%s[2012-04-18 20:00:50][sadf][5751]wizcmd[giveitem selfid,ZH00075,1].
uid=%d sCommand=%s[2012-04-18 20:01:19][sadf][5751]wizcmd[giveitem selfid,YP01003,1].
uid=%d sCommand=%s[2012-04-23 11:48:26][sadf][5751]wizcmd[update cmd/item].
uid=%d sCommand=%s[2012-04-24 17:05:03][sadf][5751]wizcmd[update module/equip/main].
uid=%d sCommand=%s[2012-04-24 18:47:05][sadf][5751]wizcmd[update cmd/item].
uid=%d sCommand=%s[2012-04-24 18:47:47][sadf][5751]wizcmd[update cmd/item].
uid=%d sCommand=%suid=%d sCommand=%s[2012-04-24 18:54:24][sadf][5751]wizcmd[giveitem selfid,EQ0001,1].
uid=%d sCommand=%s[2012-04-24 18:55:34][sadf][5751]wizcmd[update module/equip/main].
uid=%d sCommand=%s[2012-04-24 18:56:40][sadf][5751]wizcmd[update module/equip/main].
uid=%d sCommand=%s[2012-04-24 18:56:53][sadf][5751]wizcmd[update char/user].
uid=%d sCommand=%s[2012-04-24 18:57:14][sadf][5751]wizcmd[update char/user].
uid=%d sCommand=%s[2012-04-24 18:58:21][sadf][5751]wizcmd[update char/user].
uid=%d sCommand=%s[2012-04-24 18:58:24][sadf][5751]wizcmd[update module/equip/main].
uid=%d sCommand=%s[2012-04-24 18:58:25][sadf][5751]wizcmd[update module/equip/main].
uid=%d sCommand=%s[2012-04-24 18:58:57][sadf][5751]wizcmd[update module/equip/main].
uid=%d sCommand=%s[2012-04-24 18:59:10][sadf][5751]wizcmd[update module/equip/main].
uid=%d sCommand=%s[2012-04-24 18:59:17][sadf][5751]wizcmd[update module/equip/main].
uid=%d sCommand=%s[2012-04-24 18:59:47][sadf][5751]wizcmd[update module/equip/main].
uid=%d sCommand=%s[2012-04-26 17:23:57][sdfsdf][5751]wizcmd[giveitem selfid,Zh0001,1].
uid=%d sCommand=%s[2012-04-26 17:24:21][sdfsdf][5751]wizcmd[giveitem selfid,ZH0001,1].
uid=%d sCommand=%s[2012-04-26 17:24:23][sdfsdf][5751]wizcmd[giveitem selfid,ZH0002,1].
uid=%d sCommand=%s[2012-04-26 17:24:26][sdfsdf][5751]wizcmd[giveitem selfid,ZH0003,1].
uid=%d sCommand=%s[2012-04-26 17:25:26][sdfsdf][5751]wizcmd[update module/item/util.c].
uid=%d sCommand=%s[2012-04-26 17:25:29][sdfsdf][5751]wizcmd[giveitem selfid,ZH0003,1].
uid=%d sCommand=%s[2012-04-26 17:25:32][sdfsdf][5751]wizcmd[giveitem selfid,ZH0005,1].
uid=%d sCommand=%s[2012-04-26 17:25:34][sdfsdf][5751]wizcmd[giveitem selfid,ZH0006,1].
uid=%d sCommand=%s[2012-04-26 17:25:37][sdfsdf][5751]wizcmd[giveitem selfid,ZH0007,1].
uid=%d sCommand=%s[2012-04-26 17:25:40][sdfsdf][5751]wizcmd[giveitem selfid,ZH0008,1].
uid=%d sCommand=%s[2012-04-26 17:25:43][sdfsdf][5751]wizcmd[giveitem selfid,ZH0009,1].
uid=%d sCommand=%s[2012-04-26 17:26:15][sdfsdf][5751]wizcmd[update cmd/wizcmds/giveitem].
uid=%d sCommand=%suid=%d sCommand=%s[2012-04-26 17:26:39][sdfsdf][5751]wizcmd[giveitem selfid,EQ0001,1].
uid=%d sCommand=%s[2012-04-26 17:41:05][sdfsdf][5751]wizcmd[update cmd/item].
uid=%d sCommand=%s[2012-04-26 17:44:44][sdfsdf][5751]wizcmd[update cmd/item].
uid=%d sCommand=%s[2012-05-07 16:44:27][sdfsdf][5751]wizcmd[goto 1001,2,2].
uid=%d sCommand=%s[2012-05-07 16:44:36][sdfsdf][5751]wizcmd[goto 1001,23,23].
uid=%d sCommand=%s[2012-05-07 16:50:36][sdfsdf][5751]wizcmd[goto 1001,1800,600].
uid=%d sCommand=%s[2012-05-08 10:34:14][sdfsdf][5751]wizcmd[update module/equip/main.c].
uid=%d sCommand=%s[2012-05-08 10:36:04][sdfsdf][5751]wizcmd[update cmd/item].
uid=%d sCommand=%suid=%d sCommand=%s[2012-05-08 11:14:02][sdfsdf][5751]wizcmd[ni selfid,EQ1102,1].
uid=%d sCommand=%s[2012-05-08 11:14:08][sdfsdf][5751]wizcmd[ni selfid,EQ1103,1].
uid=%d sCommand=%s[2012-05-08 11:14:17][sdfsdf][5751]wizcmd[ni selfid,EQ1104,1].
uid=%d sCommand=%s[2012-05-08 11:14:30][sdfsdf][5751]wizcmd[ni selfid,EQ1107,1].
uid=%d sCommand=%s[2012-05-08 11:16:03][sdfsdf][5751]wizcmd[update module/equip/main].
uid=%d sCommand=%s[2012-05-08 11:49:54][sdfsdf][5751]wizcmd[update module/equip/main].
uid=%d sCommand=%s[2012-05-08 11:50:25][sdfsdf][5751]wizcmd[update module/equip/main].
uid=%d sCommand=%s[2012-05-14 14:13:40][sdfsdf][5751]wizcmd[goto 1001,230,1000].
uid=%d sCommand=%s[2012-05-14 14:13:49][sdfsdf][5751]wizcmd[goto 1001,230,100].
uid=%d sCommand=%s[2012-05-14 14:14:04][sdfsdf][5751]wizcmd[goto 1001,230,1000].
uid=%d sCommand=%s[2012-05-14 14:14:08][sdfsdf][5751]wizcmd[goto 1001,230,500].
uid=%d sCommand=%s[2012-05-16 11:56:30][sdfsdf][5751]wizcmd[update module/equip/main].
uid=%d sCommand=%s[2012-05-16 11:57:07][sdfsdf][5751]wizcmd[ni selfid,EQ0001,1].
uid=%d sCommand=%s[2012-05-16 14:24:49][sdfsdf][5751]wizcmd[ni selfid,EQ0001,1].
uid=%d sCommand=%s[2012-05-16 14:25:00][sdfsdf][5751]wizcmd[ni selfid,EQ0001,1].
uid=%d sCommand=%s[2012-05-16 14:26:40][sdfsdf][5751]wizcmd[update module/equip/main.c].
uid=%d sCommand=%s[2012-05-16 14:26:47][sdfsdf][5751]wizcmd[ni selfid,EQ0001,1].
uid=%d sCommand=%s[2012-05-16 14:27:56][sdfsdf][5751]wizcmd[update module/equip/main.c].
uid=%d sCommand=%s[2012-05-16 14:28:25][sdfsdf][5751]wizcmd[ni selfid,EQ0001,1].
uid=%d sCommand=%s[2012-05-16 14:28:59][sdfsdf][5751]wizcmd[update module/equip/main].
uid=%d sCommand=%s[2012-05-16 14:29:02][sdfsdf][5751]wizcmd[ni selfid,EQ0001,1].
uid=%d sCommand=%s[2012-05-16 14:29:26][sdfsdf][5751]wizcmd[update module/equip/main].
uid=%d sCommand=%s[2012-05-16 14:29:27][sdfsdf][5751]wizcmd[ni selfid,EQ0001,1].
uid=%d sCommand=%s[2012-05-16 14:31:00][sdfsdf][5751]wizcmd[ni selfid,EQ0001,1].
uid=%d sCommand=%s[2012-05-16 14:32:08][sdfsdf][5751]wizcmd[update module/equip/main].
uid=%d sCommand=%s[2012-05-16 14:32:13][sdfsdf][5751]wizcmd[ni selfid,EQ0001,1].
uid=%d sCommand=%s[2012-05-16 14:33:48][sdfsdf][5751]wizcmd[update module/equip/main].
uid=%d sCommand=%s[2012-05-16 14:34:54][sdfsdf][5751]wizcmd[ni selfid,EQ0001,1].
uid=%d sCommand=%s[2012-05-16 14:35:17][sdfsdf][5751]wizcmd[update module/equip/main].
uid=%d sCommand=%s[2012-05-16 14:35:18][sdfsdf][5751]wizcmd[ni selfid,EQ0001,1].
uid=%d sCommand=%s[2012-05-16 14:36:01][sdfsdf][5751]wizcmd[update module/equip/main].
uid=%d sCommand=%s[2012-05-16 14:36:03][sdfsdf][5751]wizcmd[ni selfid,EQ0001,1].
uid=%d sCommand=%s[2012-05-16 14:36:37][sdfsdf][5751]wizcmd[update module/equip/main].
uid=%d sCommand=%s[2012-05-16 14:36:40][sdfsdf][5751]wizcmd[ni selfid,EQ0001,1].
uid=%d sCommand=%s[2012-05-16 14:38:14][sdfsdf][5751]wizcmd[update module/equip/main].
uid=%d sCommand=%s[2012-05-16 14:38:22][sdfsdf][5751]wizcmd[ni selfid,EQ0001,1].
uid=%d sCommand=%s[2012-05-16 14:43:58][sdfsdf][5751]wizcmd[ni selfid,EQ0001,1].
uid=%d sCommand=%s[2012-05-16 15:22:36][sdfsdf][5751]wizcmd[update module/equip/main].
uid=%d sCommand=%s[2012-05-16 16:19:31][sdf][6192]wizcmd[ni selfid,EQ0001,1].
uid=%d sCommand=%s[2012-05-16 16:19:53][sdf][6192]wizcmd[ni selfid,EQ0001,1].
uid=%d sCommand=%s[2012-05-16 16:20:06][sdf][6192]wizcmd[ni selfid,EQ0002,1].
uid=%d sCommand=%s[2012-05-16 16:20:49][sdf][6192]wizcmd[ni selfid,EQ0002,1].
uid=%d sCommand=%s[2012-05-16 16:20:54][sdf][6192]wizcmd[ni selfid,EQ0001,1].
uid=%d sCommand=%s[2012-05-16 16:22:14][sdf][6192]wizcmd[ni selfid,EQ0001,1].
uid=%d sCommand=%s[2012-05-16 18:39:04][sdf][6192]wizcmd[ni selfid,EQ0001,1].
uid=%d sCommand=%suid=%d sCommand=%s[2012-05-16 20:40:36][ssss][3042]wizcmd[setyuanbao 1, 1000].
uid=%d sCommand=%s[2012-05-16 20:50:06][sdf][6192]wizcmd[goto 1001,230,100].
uid=%d sCommand=%s[2012-05-16 20:50:12][sdf][6192]wizcmd[goto 1001,230,500].
uid=%d sCommand=%s[2012-05-16 20:52:01][sdf][6192]wizcmd[update module/equip/main.c].
uid=%d sCommand=%s[2012-05-16 20:53:22][sdf][6192]wizcmd[ni selfid,EQ0001,1].
uid=%d sCommand=%s[2012-05-17 09:54:45][sdf][6192]wizcmd[ni selfid,EQ0001,1].
uid=%d sCommand=%s[2012-05-17 09:59:30][sdf][6192]wizcmd[ni selfid,EQ0001,1].
uid=%d sCommand=%s[2012-05-17 12:06:24][fasdfasdfa][6192]wizcmd[ni selfid,EQ0001,1].
uid=%d sCommand=%s[2012-05-17 14:28:20][fasdfasdfa][6192]wizcmd[update module/equip/main].
uid=%d sCommand=%s[2012-05-17 14:34:09][ssss][3042]wizcmd[goto 1001,500,500].
uid=%d sCommand=%s[2012-05-17 14:38:09][fasdfasdfa][6192]wizcmd[update module/equip/main].
uid=%d sCommand=%s[2012-05-17 14:39:49][fasdfasdfa][6192]wizcmd[update module/equip/main].
uid=%d sCommand=%s[2012-05-17 14:41:40][fasdfasdfa][6192]wizcmd[update module/summon/info].
uid=%d sCommand=%s[2012-05-17 14:41:44][fasdfasdfa][6192]wizcmd[update module/summon/util].
uid=%d sCommand=%s[2012-05-17 15:04:40][fasdfasdfa][6192]wizcmd[update module/summon/util].
uid=%d sCommand=%s[2012-05-17 15:05:36][fasdfasdfa][6192]wizcmd[update module/summon/util].
uid=%d sCommand=%s[2012-05-17 15:07:33][fasdfasdfa][6192]wizcmd[update module/summon/util].
uid=%d sCommand=%s[2012-05-17 15:08:02][fasdfasdfa][6192]wizcmd[update module/equip/main].
uid=%d sCommand=%s[2012-05-17 15:11:47][fasdfasdfa][6192]wizcmd[update module/summon/util].
uid=%d sCommand=%s[2012-05-17 15:12:50][fasdfasdfa][6192]wizcmd[update module/summon/util].
uid=%d sCommand=%s[2012-05-17 15:14:12][ssss][3042]wizcmd[setyuanbao 1,500].
uid=%d sCommand=%suid=%d sCommand=%s[2012-05-23 14:54:52][fasdfasdfa][6192]wizcmd[goto 1001,23,23].
uid=%d sCommand=%s[2012-05-23 14:54:59][fasdfasdfa][6192]wizcmd[goto 1001,23,230].
uid=%d sCommand=%s[2012-05-23 14:55:05][fasdfasdfa][6192]wizcmd[goto 1001,23,2300].
uid=%d sCommand=%s[2012-05-23 14:55:10][fasdfasdfa][6192]wizcmd[goto 1001,230,230].
uid=%d sCommand=%s[2012-05-23 14:55:17][fasdfasdfa][6192]wizcmd[goto 1001,230,430].
uid=%d sCommand=%s[2012-05-23 15:03:01][fasdfasdfa][6192]wizcmd[ni selfid,EQ0001,1].
uid=%d sCommand=%s[2012-05-23 15:09:05][fasdfasdfa][6192]wizcmd[ni selfid,EQ0001,1].
uid=%d sCommand=%s[2012-05-23 15:11:04][fasdfasdfa][6192]wizcmd[update module/equip/main].
uid=%d sCommand=%s[2012-05-23 15:11:10][fasdfasdfa][6192]wizcmd[ni selfid,EQ0001,1].
uid=%d sCommand=%suid=%d sCommand=%s[2012-05-24 11:31:54][fasdfasdfa][6192]wizcmd[goto 1001,400,300].
uid=%d sCommand=%s[2012-05-24 11:44:02][fasdfasdfa][6192]wizcmd[update mdoule/equip/main].
uid=%d sCommand=%s[2012-05-24 11:44:17][fasdfasdfa][6192]wizcmd[ni selfid,EQ0001,1].
uid=%d sCommand=%s[2012-05-24 11:44:43][fasdfasdfa][6192]wizcmd[update mdoule/equip/main].
uid=%d sCommand=%s[2012-05-24 11:44:52][fasdfasdfa][6192]wizcmd[ni selfid,EQ0001,2].
uid=%d sCommand=%s[2012-05-24 11:45:14][fasdfasdfa][6192]wizcmd[update mdoule/equip/main].
uid=%d sCommand=%s[2012-05-24 11:45:16][fasdfasdfa][6192]wizcmd[ni selfid,EQ0001,1].
uid=%d sCommand=%s[2012-05-24 11:53:02][fasdfasdfa][6192]wizcmd[update module/equip/main].
uid=%d sCommand=%suid=%d sCommand=%s[2012-05-24 16:15:27][fasdfasdfa][6192]wizcmd[ni selfid,EQ0002,1].
uid=%d sCommand=%s[2012-05-24 16:15:36][fasdfasdfa][6192]wizcmd[ni selfid,EQ00002,1].
uid=%d sCommand=%s[2012-05-24 16:15:43][fasdfasdfa][6192]wizcmd[ni selfid,EQ1001,1].
uid=%d sCommand=%s[2012-05-24 16:15:46][fasdfasdfa][6192]wizcmd[ni selfid,EQ10001,1].
uid=%d sCommand=%s[2012-05-24 16:19:08][fasdfasdfa][6192]wizcmd[ni selfid,EQ1107,1].
uid=%d sCommand=%s[2012-05-24 16:19:26][fasdfasdfa][6192]wizcmd[ni selfid,EQ1106,1].
uid=%d sCommand=%s[2012-05-24 16:19:27][fasdfasdfa][6192]wizcmd[ni selfid,EQ1105,1].
uid=%d sCommand=%s[2012-05-25 10:23:36][xgan][3663]wizcmd[setprop selfid,iGrade,10].
uid=%d sCommand=%s[2012-05-25 10:24:09][xgan][3663]wizcmd[setprop selfid,iGrade,10].
uid=%d sCommand=%suid=%d sCommand=%s[2012-05-25 10:25:33][xgan][3663]wizcmd[ni selfid,EQ0001,1].
uid=%d sCommand=%s[2012-05-25 10:26:35][xgan][3663]wizcmd[ni selfid,EQ0001,1].
uid=%d sCommand=%s[2012-05-25 10:26:38][xgan][3663]wizcmd[ni selfid,EQ0001,2].
uid=%d sCommand=%s[2012-05-25 10:26:40][xgan][3663]wizcmd[ni selfid,EQ0002,2].
uid=%d sCommand=%s[2012-05-25 10:26:43][xgan][3663]wizcmd[ni selfid,EQ0002,1].
uid=%d sCommand=%s[2012-05-25 10:26:51][xgan][3663]wizcmd[ni selfid,EQ1101,1].
uid=%d sCommand=%s[2012-05-25 10:26:56][xgan][3663]wizcmd[ni selfid,EQ1102,1].
uid=%d sCommand=%s[2012-05-25 10:28:39][xgan][3663]wizcmd[ni selfid,EQ1103,1].
uid=%d sCommand=%s[2012-05-25 10:28:42][xgan][3663]wizcmd[ni selfid,EQ1104,1].
uid=%d sCommand=%s[2012-05-25 10:30:09][fasdfasdfa][6192]wizcmd[update module/equip/main].
uid=%d sCommand=%s[2012-05-25 10:37:45][fasdfasdfa][6192]wizcmd[update module/equip/main].
uid=%d sCommand=%s[2012-05-25 15:21:01][fasdfasdfa][6192]wizcmd[update  module/equip/main].
uid=%d sCommand=%s[2012-05-25 15:22:06][fasdfasdfa][6192]wizcmd[update  module/equip/main].
uid=%d sCommand=%s[2012-05-25 15:22:45][fasdfasdfa][6192]wizcmd[update  module/equip/main].
uid=%d sCommand=%s[2012-05-25 15:26:40][fasdfasdfa][6192]wizcmd[update module/equip/main].
uid=%d sCommand=%s[2012-05-26 16:10:19][fasdfasdfa][6192]wizcmd[goto 1001,500,500].
uid=%d sCommand=%s[2012-05-26 16:43:14][dfsdf][4320]wizcmd[goto 1001,500,500].
uid=%d sCommand=%s[2012-05-26 16:51:43][dfasdfasdf][6192]wizcmd[goto 1001,50,50].
uid=%d sCommand=%s[2012-05-26 16:51:47][dfasdfasdf][6192]wizcmd[goto 1001,500,500].
uid=%d sCommand=%s[2012-05-26 16:55:25][dfasdfasdf][6192]wizcmd[goto 1001,500,500].
uid=%d sCommand=%s[2012-05-26 17:05:58][dfasdfasdf][6192]wizcmd[goto 1001,500,500].
uid=%d sCommand=%s[2012-05-26 17:06:53][dfasdfasdf][6192]wizcmd[goto 500,500].
uid=%d sCommand=%s[2012-05-26 17:06:57][dfasdfasdf][6192]wizcmd[goto 1001,500,500].
uid=%d sCommand=%s[2012-05-26 17:07:23][dfasdfasdf][6192]wizcmd[goto 1001,500,500].
uid=%d sCommand=%s[2012-05-26 17:10:22][dfasdfasdf][6192]wizcmd[goto 1001,500,500].
uid=%d sCommand=%s[2012-05-26 17:10:48][dfasdfasdf][6192]wizcmd[goto 1001,500,500].
uid=%d sCommand=%s[2012-05-26 17:11:36][dfasdfasdf][6192]wizcmd[goto 1001,500,500].
uid=%d sCommand=%s[2012-05-26 17:12:51][dfasdfasdf][6192]wizcmd[goto 1001,500,500].
uid=%d sCommand=%s[2012-05-26 17:13:19][hlatar][5724]wizcmd[goto 1001,50,50].
uid=%d sCommand=%s[2012-05-26 17:22:09][dfasdfasdf][6192]wizcmd[goto 1001,500,500].
uid=%d sCommand=%s[2012-05-26 17:24:30][dfasdfasdf][6192]wizcmd[goto 1001,500,500].
uid=%d sCommand=%s[2012-05-26 17:26:23][dfasdfasdf][6192]wizcmd[goto 1001,500,500].
uid=%d sCommand=%s[2012-05-26 17:39:14][dfasdfasdf][6192]wizcmd[goto 1001,500,500].
uid=%d sCommand=%s[2012-05-26 17:55:45][dfasdfasdf][6192]wizcmd[goto 1001,500,500].
uid=%d sCommand=%s[2012-05-26 17:56:49][dfasdfasdf][6192]wizcmd[goto 1001,500,500].
uid=%d sCommand=%s[2012-05-26 17:57:09][dfasdfasdf][6192]wizcmd[goto 1001,500,500].
uid=%d sCommand=%s[2012-05-26 18:09:11][dfasdfasdf][6192]wizcmd[goto 1001,500,500].
uid=%d sCommand=%s[2012-05-26 18:13:02][dfasdfasdf][6192]wizcmd[goto 1001,500,500].
uid=%d sCommand=%s[2012-05-26 18:18:19][dfasdfasdf][6192]wizcmd[goto 1001,500,500].
uid=%d sCommand=%s[2012-05-26 18:19:21][dfasdfasdf][6192]wizcmd[goto 1001,500,500].
uid=%d sCommand=%s[2012-05-26 18:19:59][dfasdfasdf][6192]wizcmd[goto 1001,500,500].
uid=%d sCommand=%s[2012-05-26 18:24:16][dfasdfasdf][6192]wizcmd[goto 1001,500,500].
uid=%d sCommand=%s[2012-05-28 09:51:42][dfasdfasdf][6192]wizcmd[goto 1001,500,500].
uid=%d sCommand=%s[2012-05-28 10:15:09][dfasdfasdf][6192]wizcmd[goto 1001,500,500].
uid=%d sCommand=%s[2012-05-28 10:15:35][dfasdfasdf][6192]wizcmd[goto 1002,500,500].
uid=%d sCommand=%suid=%d sCommand=%s[2012-05-28 11:34:29][agan][3663]wizcmd[ni selfid,EQ00001,1].
uid=%d sCommand=%s[2012-05-28 11:34:32][agan][3663]wizcmd[ni selfid,EQ0001,1].
uid=%d sCommand=%s[2012-05-28 11:34:34][agan][3663]wizcmd[ni selfid,EQ0001,1].
uid=%d sCommand=%s[2012-05-28 11:34:34][agan][3663]wizcmd[ni selfid,EQ0001,1].
uid=%d sCommand=%s[2012-05-28 11:34:35][agan][3663]wizcmd[ni selfid,EQ0001,1].
uid=%d sCommand=%s[2012-05-28 11:34:46][agan][3663]wizcmd[ni selfid,EQ0021,1].
uid=%d sCommand=%s[2012-05-28 11:34:49][agan][3663]wizcmd[ni selfid,EQ002,1].
uid=%d sCommand=%s[2012-05-28 11:34:52][agan][3663]wizcmd[ni selfid,EQ0002,1].
uid=%d sCommand=%s[2012-05-28 11:34:56][agan][3663]wizcmd[ni selfid,EQ0003,1].
uid=%d sCommand=%s[2012-05-28 11:35:01][agan][3663]wizcmd[ni selfid,EQ1003,1].
uid=%d sCommand=%s[2012-05-28 11:35:03][agan][3663]wizcmd[ni selfid,EQ1004,1].
uid=%d sCommand=%s[2012-05-28 11:37:13][agan][3663]wizcmd[ni selfid,iCash,100].
uid=%d sCommand=%s[2012-05-28 11:37:19][agan][3663]wizcmd[setprop selfid,iCash,100].
uid=%d sCommand=%s[2012-05-28 11:37:36][agan][3663]wizcmd[setprop selfid,iYuanbao,100].
uid=%d sCommand=%s[2012-05-28 11:37:49][agan][3663]wizcmd[setprop selfid,iYuanbao,10000].
uid=%d sCommand=%s[2012-05-28 16:44:26][dfasdfasdf][6192]wizcmd[goto 1001,20,20].
uid=%d sCommand=%s[2012-05-28 16:45:41][dfasdfasdf][6192]wizcmd[goto 1001,500,500].
uid=%d sCommand=%suid=%d sCommand=%s[2012-05-28 16:46:49][hellod][4113]wizcmd[ni selfid,EQ0002,1].
uid=%d sCommand=%s[2012-05-28 16:46:57][hellod][4113]wizcmd[ni selfid,EQ0001,1].
uid=%d sCommand=%s[2012-05-28 16:46:59][hellod][4113]wizcmd[ni selfid,EQ0001,1].
uid=%d sCommand=%s[2012-05-28 16:46:59][hellod][4113]wizcmd[ni selfid,EQ0001,1].
uid=%d sCommand=%s[2012-05-28 16:47:00][hellod][4113]wizcmd[ni selfid,EQ0001,1].
uid=%d sCommand=%s[2012-05-28 16:47:00][hellod][4113]wizcmd[ni selfid,EQ0001,1].
uid=%d sCommand=%s[2012-05-28 16:47:00][hellod][4113]wizcmd[ni selfid,EQ0001,1].
uid=%d sCommand=%s[2012-05-28 16:47:08][hellod][4113]wizcmd[ni selfid,EQ0002,1].
uid=%d sCommand=%s[2012-05-28 16:47:10][hellod][4113]wizcmd[ni selfid,EQ0003,1].
uid=%d sCommand=%s[2012-05-28 16:47:13][hellod][4113]wizcmd[ni selfid,EQ1003,1].
uid=%d sCommand=%s[2012-05-28 16:47:16][hellod][4113]wizcmd[ni selfid,EQ2003,1].
uid=%d sCommand=%s[2012-05-28 16:47:20][hellod][4113]wizcmd[ni selfid,EQ1001,1].
uid=%d sCommand=%s[2012-05-28 16:47:22][hellod][4113]wizcmd[ni selfid,EQ1002,1].
uid=%d sCommand=%s[2012-05-28 16:47:24][hellod][4113]wizcmd[ni selfid,EQ1004,1].
uid=%d sCommand=%s[2012-05-28 16:47:26][hellod][4113]wizcmd[ni selfid,EQ1005,1].
uid=%d sCommand=%s[2012-05-28 16:47:28][hellod][4113]wizcmd[ni selfid,EQ1006,1].
uid=%d sCommand=%s[2012-05-28 16:48:14][dfasdfasdf][6192]wizcmd[goto 1005,23,23].
uid=%d sCommand=%s[2012-05-28 16:48:20][dfasdfasdf][6192]wizcmd[goto 1001,20,20].
uid=%d sCommand=%s[2012-05-28 17:10:59][hed][4113]wizcmd[ni selfid,EQ10001,1].
uid=%d sCommand=%s[2012-05-28 17:11:06][hed][4113]wizcmd[ni selfid,EQ10002,1].
uid=%d sCommand=%s[2012-05-28 17:38:16][hed][4113]wizcmd[ni selfid,EQ10002,1].
uid=%d sCommand=%s[2012-05-29 10:26:07][dfgdfg][6192]wizcmd[goto 1001,500,500].
uid=%d sCommand=%s[2012-05-29 15:31:51][dfgdfg][6192]wizcmd[update char/user].
uid=%d sCommand=%s[2012-05-29 15:37:23][dfgdfg][6192]wizcmd[ni  selfid,EQ1207,1].
uid=%d sCommand=%s[2012-05-29 15:37:28][dfgdfg][6192]wizcmd[ni  selfid,EQ1208,1].
uid=%d sCommand=%s[2012-05-29 15:37:30][dfgdfg][6192]wizcmd[ni  selfid,EQ1209,1].
uid=%d sCommand=%suid=%d sCommand=%s[2012-05-29 15:39:43][dfgdfg][6192]wizcmd[ni selfid,BS20010,1].
uid=%d sCommand=%s[2012-05-30 13:49:24][gede][4140]wizcmd[ni selfid,EQ10001,1].
uid=%d sCommand=%s[2012-05-30 13:49:26][gede][4140]wizcmd[ni selfid,EQ1001,1].
uid=%d sCommand=%s[2012-05-30 13:49:30][gede][4140]wizcmd[ni selfid,EQ1002,1].
uid=%d sCommand=%s[2012-05-30 13:49:31][gede][4140]wizcmd[ni selfid,EQ1003,1].
uid=%d sCommand=%s[2012-05-30 13:49:35][gede][4140]wizcmd[ni selfid,EQ1004,1].
uid=%d sCommand=%s[2012-05-30 13:49:37][gede][4140]wizcmd[ni selfid,EQ1005,1].
uid=%d sCommand=%s[2012-05-30 13:49:39][gede][4140]wizcmd[ni selfid,EQ1006,1].
uid=%d sCommand=%s[2012-05-30 13:49:41][gede][4140]wizcmd[ni selfid,EQ1007,1].
uid=%d sCommand=%s[2012-05-30 13:49:43][gede][4140]wizcmd[ni selfid,EQ1008,1].
uid=%d sCommand=%s[2012-05-30 17:35:55][sdfsdf][6192]wizcmd[goto 1002,500,500].
uid=%d sCommand=%s[2012-05-30 17:50:39][1212][4788]wizcmd[addexp  10000000].
uid=%d sCommand=%s[2012-05-30 18:56:26][sdfsdf][6192]wizcmd[ni selfid,EQ1109,1].
uid=%d sCommand=%s[2012-05-30 19:00:42][sdfsdf][6192]wizcmd[ni selfid,EQ1101,1].
uid=%d sCommand=%s[2012-05-30 19:00:55][sdfsdf][6192]wizcmd[ni selfid,EQ1109,1].
uid=%d sCommand=%s[2012-05-30 19:01:08][sdfsdf][6192]wizcmd[ni selfid,EQ1109,1].
uid=%d sCommand=%s[2012-06-01 11:39:12][gede][4140]wizcmd[ni selfid,BS0001,1].
uid=%d sCommand=%s[2012-06-01 11:39:36][gede][4140]wizcmd[ni selfid,BS0002,1].
uid=%d sCommand=%s[2012-06-01 11:39:39][gede][4140]wizcmd[ni selfid,BS0003,1].
uid=%d sCommand=%s[2012-06-01 13:43:55][gede][4140]wizcmd[ni selfid,BS0001,1].
uid=%d sCommand=%s[2012-06-01 13:44:09][gede][4140]wizcmd[ni selfid,BS0001,1].
uid=%d sCommand=%s[2012-06-01 13:44:10][gede][4140]wizcmd[ni selfid,BS0001,1].
uid=%d sCommand=%s[2012-06-01 13:44:14][gede][4140]wizcmd[ni selfid,BS0002,1].
uid=%d sCommand=%s[2012-06-01 13:44:19][gede][4140]wizcmd[ni selfid,BS00002,1].
uid=%d sCommand=%s[2012-06-01 13:44:22][gede][4140]wizcmd[ni selfid,BS00001,1].
uid=%d sCommand=%suid=%d sCommand=%s[2012-06-01 15:16:59][gede][4140]wizcmd[ni selfid,BS10001,2].
uid=%d sCommand=%s[2012-06-01 15:17:08][gede][4140]wizcmd[ni selfid,BS10001,2].
uid=%d sCommand=%suid=%d sCommand=%s[2012-06-01 15:17:21][gede][4140]wizcmd[ni selfid,BS10002,1].
uid=%d sCommand=%s[2012-06-01 15:17:23][gede][4140]wizcmd[ni selfid,BS10002,1].
uid=%d sCommand=%suid=%d sCommand=%suid=%d sCommand=%suid=%d sCommand=%suid=%d sCommand=%suid=%d sCommand=%suid=%d sCommand=%suid=%d sCommand=%s[2012-06-01 16:31:39][sdfsdfsf][4122]wizcmd[ni selfid,EQ1001,1].
uid=%d sCommand=%s[2012-06-01 16:31:46][sdfsdfsf][4122]wizcmd[ni selfid,EQ1003,4].
uid=%d sCommand=%s[2012-06-01 16:31:49][sdfsdfsf][4122]wizcmd[ni selfid,EQ1003,1].
uid=%d sCommand=%s[2012-06-01 16:31:51][sdfsdfsf][4122]wizcmd[ni selfid,EQ1004,1].
uid=%d sCommand=%s[2012-06-01 16:31:53][sdfsdfsf][4122]wizcmd[ni selfid,EQ1005,1].
uid=%d sCommand=%s[2012-06-01 16:31:57][sdfsdfsf][4122]wizcmd[ni selfid,EQ1006,1].
uid=%d sCommand=%s[2012-06-01 16:31:59][sdfsdfsf][4122]wizcmd[ni selfid,EQ1007,1].
uid=%d sCommand=%s[2012-06-01 16:32:01][sdfsdfsf][4122]wizcmd[ni selfid,EQ1008,1].
uid=%d sCommand=%s[2012-06-01 16:32:03][sdfsdfsf][4122]wizcmd[ni selfid,EQ1009,1].
uid=%d sCommand=%s[2012-06-01 16:32:06][sdfsdfsf][4122]wizcmd[ni selfid,EQ1010,1].
uid=%d sCommand=%s[2012-06-01 16:32:11][sdfsdfsf][4122]wizcmd[ni selfid,EQ1009,1].
uid=%d sCommand=%s[2012-06-01 16:32:18][sdfsdfsf][4122]wizcmd[ni selfid,BS1001,1].
uid=%d sCommand=%s[2012-06-01 16:32:21][sdfsdfsf][4122]wizcmd[ni selfid,BS1002,1].
uid=%d sCommand=%suid=%d sCommand=%suid=%d sCommand=%s[2012-06-01 16:33:26][sdfsdfsf][4122]wizcmd[ni selfid,BS1001,1].
uid=%d sCommand=%s[2012-06-01 16:33:30][sdfsdfsf][4122]wizcmd[ni selfid,BS1002,1].
uid=%d sCommand=%s[2012-06-01 16:33:46][sdfsdfsf][4122]wizcmd[ni selfid,BS1002,1].
uid=%d sCommand=%s[2012-06-01 16:33:48][sdfsdfsf][4122]wizcmd[ni selfid,BS1003,1].
uid=%d sCommand=%s[2012-06-01 16:33:54][sdfsdfsf][4122]wizcmd[ni selfid,BS1004,1].
uid=%d sCommand=%s[2012-06-01 16:33:55][sdfsdfsf][4122]wizcmd[ni selfid,BS1005\,1].
uid=%d sCommand=%s[2012-06-01 16:33:57][sdfsdfsf][4122]wizcmd[ni selfid,BS1005,1].
uid=%d sCommand=%s[2012-06-01 16:34:00][sdfsdfsf][4122]wizcmd[ni selfid,BS1006,1].
uid=%d sCommand=%suid=%d sCommand=%s[2012-06-01 16:38:10][gand][4113]wizcmd[ni selfid,BS20006,1].
uid=%d sCommand=%s[2012-06-01 16:38:11][gand][4113]wizcmd[ni selfid,BS20006,1].
